<?xml version="1.0" encoding="UTF-8"?>
<coverage generated="1745532886490" clover="3.2.0">
  <project timestamp="1745532886490" name="All files">
    <metrics statements="113" coveredstatements="41" conditionals="32" coveredconditionals="13" methods="14" coveredmethods="3" elements="159" coveredelements="57" complexity="0" loc="113" ncloc="113" packages="1" files="5" classes="5"/>
    <file name="messageQueueHandler.js" path="/Users/Diane/Desktop/mtjs/more-than-just-strangers/server/lambdas/messageQueueHandler.js">
      <metrics statements="16" coveredstatements="2" conditionals="9" coveredconditionals="0" methods="1" coveredmethods="0"/>
      <line num="4" count="1" type="stmt"/>
      <line num="7" count="1" type="stmt"/>
      <line num="8" count="0" type="stmt"/>
      <line num="11" count="0" type="stmt"/>
      <line num="13" count="0" type="cond" truecount="0" falsecount="2"/>
      <line num="15" count="0" type="stmt"/>
      <line num="16" count="0" type="stmt"/>
      <line num="22" count="0" type="cond" truecount="0" falsecount="1"/>
      <line num="24" count="0" type="cond" truecount="0" falsecount="6"/>
      <line num="25" count="0" type="stmt"/>
      <line num="31" count="0" type="stmt"/>
      <line num="43" count="0" type="stmt"/>
      <line num="44" count="0" type="stmt"/>
      <line num="45" count="0" type="stmt"/>
      <line num="50" count="0" type="stmt"/>
      <line num="51" count="0" type="stmt"/>
    </file>
    <file name="onConnect.js" path="/Users/Diane/Desktop/mtjs/more-than-just-strangers/server/lambdas/onConnect.js">
      <metrics statements="14" coveredstatements="0" conditionals="2" coveredconditionals="0" methods="1" coveredmethods="0"/>
      <line num="4" count="0" type="stmt"/>
      <line num="9" count="0" type="stmt"/>
      <line num="10" count="0" type="stmt"/>
      <line num="11" count="0" type="stmt"/>
      <line num="13" count="0" type="stmt"/>
      <line num="15" count="0" type="stmt"/>
      <line num="22" count="0" type="stmt"/>
      <line num="23" count="0" type="cond" truecount="0" falsecount="2"/>
      <line num="24" count="0" type="stmt"/>
      <line num="28" count="0" type="stmt"/>
      <line num="36" count="0" type="stmt"/>
      <line num="38" count="0" type="stmt"/>
      <line num="40" count="0" type="stmt"/>
      <line num="41" count="0" type="stmt"/>
    </file>
    <file name="onDisconnect.js" path="/Users/Diane/Desktop/mtjs/more-than-just-strangers/server/lambdas/onDisconnect.js">
      <metrics statements="14" coveredstatements="0" conditionals="4" coveredconditionals="0" methods="1" coveredmethods="0"/>
      <line num="4" count="0" type="stmt"/>
      <line num="5" count="0" type="stmt"/>
      <line num="7" count="0" type="stmt"/>
      <line num="8" count="0" type="stmt"/>
      <line num="11" count="0" type="stmt"/>
      <line num="19" count="0" type="stmt"/>
      <line num="20" count="0" type="cond" truecount="0" falsecount="4"/>
      <line num="21" count="0" type="stmt"/>
      <line num="24" count="0" type="stmt"/>
      <line num="27" count="0" type="stmt"/>
      <line num="39" count="0" type="stmt"/>
      <line num="40" count="0" type="stmt"/>
      <line num="42" count="0" type="stmt"/>
      <line num="43" count="0" type="stmt"/>
    </file>
    <file name="sendMessage.js" path="/Users/Diane/Desktop/mtjs/more-than-just-strangers/server/lambdas/sendMessage.js">
      <metrics statements="48" coveredstatements="39" conditionals="13" coveredconditionals="13" methods="3" coveredmethods="3"/>
      <line num="6" count="1" type="stmt"/>
      <line num="8" count="1" type="stmt"/>
      <line num="9" count="8" type="stmt"/>
      <line num="10" count="8" type="stmt"/>
      <line num="11" count="8" type="stmt"/>
      <line num="12" count="8" type="stmt"/>
      <line num="17" count="8" type="stmt"/>
      <line num="18" count="8" type="stmt"/>
      <line num="20" count="0" type="stmt"/>
      <line num="23" count="8" type="stmt"/>
      <line num="26" count="8" type="cond" truecount="7" falsecount="0"/>
      <line num="28" count="3" type="stmt"/>
      <line num="32" count="5" type="stmt"/>
      <line num="39" count="5" type="stmt"/>
      <line num="40" count="5" type="stmt"/>
      <line num="42" count="1" type="stmt"/>
      <line num="43" count="1" type="stmt"/>
      <line num="46" count="4" type="cond" truecount="2" falsecount="0"/>
      <line num="47" count="1" type="stmt"/>
      <line num="50" count="3" type="stmt"/>
      <line num="53" count="3" type="stmt"/>
      <line num="58" count="3" type="stmt"/>
      <line num="59" count="3" type="stmt"/>
      <line num="61" count="0" type="stmt"/>
      <line num="62" count="0" type="stmt"/>
      <line num="66" count="3" type="stmt"/>
      <line num="67" count="3" type="cond" truecount="2" falsecount="0"/>
      <line num="68" count="2" type="stmt"/>
      <line num="69" count="2" type="stmt"/>
      <line num="72" count="1" type="stmt"/>
      <line num="78" count="1" type="stmt"/>
      <line num="79" count="1" type="stmt"/>
      <line num="81" count="0" type="stmt"/>
      <line num="82" count="0" type="stmt"/>
      <line num="85" count="1" type="stmt"/>
      <line num="88" count="1" type="stmt"/>
      <line num="90" count="1" type="stmt"/>
      <line num="96" count="0" type="stmt"/>
      <line num="97" count="0" type="stmt"/>
      <line num="102" count="1" type="stmt"/>
      <line num="105" count="1" type="stmt"/>
      <line num="111" count="0" type="stmt"/>
      <line num="112" count="0" type="stmt"/>
      <line num="116" count="3" type="stmt"/>
      <line num="120" count="3" type="stmt"/>
      <line num="125" count="3" type="stmt"/>
      <line num="126" count="3" type="cond" truecount="2" falsecount="0"/>
      <line num="130" count="2" type="stmt"/>
    </file>
    <file name="userMetadataHandler.js" path="/Users/Diane/Desktop/mtjs/more-than-just-strangers/server/lambdas/userMetadataHandler.js">
      <metrics statements="21" coveredstatements="0" conditionals="4" coveredconditionals="0" methods="8" coveredmethods="0"/>
      <line num="4" count="0" type="stmt"/>
      <line num="6" count="0" type="stmt"/>
      <line num="7" count="0" type="stmt"/>
      <line num="10" count="0" type="stmt"/>
      <line num="11" count="0" type="stmt"/>
      <line num="14" count="0" type="stmt"/>
      <line num="15" count="0" type="stmt"/>
      <line num="17" count="0" type="stmt"/>
      <line num="18" count="0" type="stmt"/>
      <line num="19" count="0" type="stmt"/>
      <line num="20" count="0" type="cond" truecount="0" falsecount="2"/>
      <line num="21" count="0" type="cond" truecount="0" falsecount="2"/>
      <line num="23" count="0" type="stmt"/>
      <line num="26" count="0" type="stmt"/>
      <line num="30" count="0" type="stmt"/>
      <line num="31" count="0" type="stmt"/>
      <line num="47" count="0" type="stmt"/>
      <line num="50" count="0" type="stmt"/>
      <line num="51" count="0" type="stmt"/>
      <line num="52" count="0" type="stmt"/>
      <line num="53" count="0" type="stmt"/>
    </file>
  </project>
</coverage>
