{"/Users/Diane/Desktop/mtjs/more-than-just-strangers/server/lambdas/messageQueueHandler.js": {"path":"/Users/Diane/Desktop/mtjs/more-than-just-strangers/server/lambdas/messageQueueHandler.js","statementMap":{"0":{"start":{"line":1,"column":12},"end":{"line":1,"column":30}},"1":{"start":{"line":2,"column":17},"end":{"line":2,"column":50}},"2":{"start":{"line":5,"column":0},"end":{"line":33,"column":2}},"3":{"start":{"line":6,"column":54},"end":{"line":6,"column":76}},"4":{"start":{"line":7,"column":19},"end":{"line":18,"column":5}},"5":{"start":{"line":20,"column":4},"end":{"line":32,"column":5}},"6":{"start":{"line":21,"column":8},"end":{"line":21,"column":45}},"7":{"start":{"line":22,"column":8},"end":{"line":25,"column":10}},"8":{"start":{"line":27,"column":8},"end":{"line":27,"column":29}},"9":{"start":{"line":28,"column":8},"end":{"line":31,"column":10}},"10":{"start":{"line":36,"column":0},"end":{"line":60,"column":2}},"11":{"start":{"line":37,"column":27},"end":{"line":37,"column":47}},"12":{"start":{"line":38,"column":19},"end":{"line":45,"column":5}},"13":{"start":{"line":47,"column":4},"end":{"line":59,"column":5}},"14":{"start":{"line":48,"column":21},"end":{"line":48,"column":58}},"15":{"start":{"line":49,"column":8},"end":{"line":52,"column":10}},"16":{"start":{"line":54,"column":8},"end":{"line":54,"column":29}},"17":{"start":{"line":55,"column":8},"end":{"line":58,"column":10}}},"fnMap":{"0":{"name":"(anonymous_0)","decl":{"start":{"line":5,"column":28},"end":{"line":5,"column":29}},"loc":{"start":{"line":5,"column":45},"end":{"line":33,"column":1}},"line":5},"1":{"name":"(anonymous_1)","decl":{"start":{"line":36,"column":35},"end":{"line":36,"column":36}},"loc":{"start":{"line":36,"column":52},"end":{"line":60,"column":1}},"line":36}},"branchMap":{},"s":{"0":0,"1":0,"2":0,"3":0,"4":0,"5":0,"6":0,"7":0,"8":0,"9":0,"10":0,"11":0,"12":0,"13":0,"14":0,"15":0,"16":0,"17":0},"f":{"0":0,"1":0},"b":{}}
,"/Users/Diane/Desktop/mtjs/more-than-just-strangers/server/lambdas/onConnect.js": {"path":"/Users/Diane/Desktop/mtjs/more-than-just-strangers/server/lambdas/onConnect.js","statementMap":{"0":{"start":{"line":1,"column":0},"end":{"line":1,"column":49}},"1":{"start":{"line":5,"column":45},"end":{"line":5,"column":68}},"2":{"start":{"line":7,"column":13},"end":{"line":7,"column":28}},"3":{"start":{"line":9,"column":0},"end":{"line":100,"column":2}},"4":{"start":{"line":10,"column":21},"end":{"line":10,"column":37}},"5":{"start":{"line":17,"column":29},"end":{"line":17,"column":62}},"6":{"start":{"line":24,"column":8},"end":{"line":99,"column":5}},"7":{"start":{"line":26,"column":30},"end":{"line":31,"column":13}},"8":{"start":{"line":33,"column":39},"end":{"line":33,"column":78}},"9":{"start":{"line":34,"column":12},"end":{"line":36,"column":13}},"10":{"start":{"line":35,"column":16},"end":{"line":35,"column":78}},"11":{"start":{"line":39,"column":30},"end":{"line":47,"column":13}},"12":{"start":{"line":49,"column":12},"end":{"line":49,"column":52}},"13":{"start":{"line":97,"column":8},"end":{"line":97,"column":52}},"14":{"start":{"line":98,"column":8},"end":{"line":98,"column":93}},"15":{"start":{"line":102,"column":0},"end":{"line":102,"column":29}}},"fnMap":{"0":{"name":"(anonymous_0)","decl":{"start":{"line":9,"column":18},"end":{"line":9,"column":19}},"loc":{"start":{"line":9,"column":35},"end":{"line":100,"column":1}},"line":9}},"branchMap":{"0":{"loc":{"start":{"line":34,"column":12},"end":{"line":36,"column":13}},"type":"if","locations":[{"start":{"line":34,"column":12},"end":{"line":36,"column":13}},{"start":{},"end":{}}],"line":34}},"s":{"0":0,"1":0,"2":0,"3":0,"4":0,"5":0,"6":0,"7":0,"8":0,"9":0,"10":0,"11":0,"12":0,"13":0,"14":0,"15":0},"f":{"0":0},"b":{"0":[0,0]}}
,"/Users/Diane/Desktop/mtjs/more-than-just-strangers/server/lambdas/onDisconnect.js": {"path":"/Users/Diane/Desktop/mtjs/more-than-just-strangers/server/lambdas/onDisconnect.js","statementMap":{"0":{"start":{"line":2,"column":27},"end":{"line":2,"column":50}},"1":{"start":{"line":4,"column":0},"end":{"line":45,"column":2}},"2":{"start":{"line":5,"column":21},"end":{"line":5,"column":37}},"3":{"start":{"line":7,"column":4},"end":{"line":44,"column":5}},"4":{"start":{"line":8,"column":29},"end":{"line":8,"column":62}},"5":{"start":{"line":11,"column":27},"end":{"line":17,"column":9}},"6":{"start":{"line":19,"column":27},"end":{"line":19,"column":68}},"7":{"start":{"line":20,"column":8},"end":{"line":22,"column":9}},"8":{"start":{"line":21,"column":12},"end":{"line":21,"column":69}},"9":{"start":{"line":24,"column":27},"end":{"line":24,"column":46}},"10":{"start":{"line":27,"column":29},"end":{"line":37,"column":9}},"11":{"start":{"line":39,"column":8},"end":{"line":39,"column":54}},"12":{"start":{"line":40,"column":8},"end":{"line":40,"column":70}},"13":{"start":{"line":42,"column":8},"end":{"line":42,"column":55}},"14":{"start":{"line":43,"column":8},"end":{"line":43,"column":82}}},"fnMap":{"0":{"name":"(anonymous_0)","decl":{"start":{"line":4,"column":18},"end":{"line":4,"column":19}},"loc":{"start":{"line":4,"column":35},"end":{"line":45,"column":1}},"line":4}},"branchMap":{"0":{"loc":{"start":{"line":20,"column":8},"end":{"line":22,"column":9}},"type":"if","locations":[{"start":{"line":20,"column":8},"end":{"line":22,"column":9}},{"start":{},"end":{}}],"line":20},"1":{"loc":{"start":{"line":20,"column":12},"end":{"line":20,"column":62}},"type":"binary-expr","locations":[{"start":{"line":20,"column":12},"end":{"line":20,"column":29}},{"start":{"line":20,"column":33},"end":{"line":20,"column":62}}],"line":20}},"s":{"0":1,"1":1,"2":4,"3":4,"4":4,"5":4,"6":4,"7":3,"8":1,"9":2,"10":2,"11":2,"12":1,"13":2,"14":2},"f":{"0":4},"b":{"0":[1,2],"1":[3,3]},"_coverageSchema":"1a1c01bbd47fc00a2c39e90264f33305004495a9","hash":"21f7d8dbdb3bc688d06155251615ec015b7d5f2d"}
,"/Users/Diane/Desktop/mtjs/more-than-just-strangers/server/lambdas/sendMessage.js": {"path":"/Users/Diane/Desktop/mtjs/more-than-just-strangers/server/lambdas/sendMessage.js","statementMap":{"0":{"start":{"line":3,"column":45},"end":{"line":3,"column":68}},"1":{"start":{"line":4,"column":18},"end":{"line":4,"column":31}},"2":{"start":{"line":8,"column":0},"end":{"line":153,"column":2}},"3":{"start":{"line":10,"column":21},"end":{"line":10,"column":37}},"4":{"start":{"line":11,"column":23},"end":{"line":11,"column":41}},"5":{"start":{"line":14,"column":15},"end":{"line":14,"column":63}},"6":{"start":{"line":16,"column":4},"end":{"line":26,"column":7}},"7":{"start":{"line":17,"column":4},"end":{"line":17,"column":42}},"8":{"start":{"line":18,"column":4},"end":{"line":25,"column":8}},"9":{"start":{"line":28,"column":4},"end":{"line":30,"column":7}},"10":{"start":{"line":29,"column":4},"end":{"line":29,"column":35}},"11":{"start":{"line":32,"column":4},"end":{"line":34,"column":7}},"12":{"start":{"line":33,"column":4},"end":{"line":33,"column":43}},"13":{"start":{"line":36,"column":4},"end":{"line":38,"column":7}},"14":{"start":{"line":37,"column":4},"end":{"line":37,"column":47}},"15":{"start":{"line":40,"column":4},"end":{"line":152,"column":5}},"16":{"start":{"line":42,"column":8},"end":{"line":46,"column":9}},"17":{"start":{"line":43,"column":12},"end":{"line":43,"column":42}},"18":{"start":{"line":45,"column":12},"end":{"line":45,"column":99}},"19":{"start":{"line":49,"column":27},"end":{"line":49,"column":31}},"20":{"start":{"line":50,"column":8},"end":{"line":52,"column":9}},"21":{"start":{"line":51,"column":12},"end":{"line":51,"column":93}},"22":{"start":{"line":55,"column":61},"end":{"line":55,"column":65}},"23":{"start":{"line":58,"column":8},"end":{"line":60,"column":9}},"24":{"start":{"line":59,"column":12},"end":{"line":59,"column":106}},"25":{"start":{"line":62,"column":8},"end":{"line":148,"column":9}},"26":{"start":{"line":64,"column":30},"end":{"line":70,"column":13}},"27":{"start":{"line":72,"column":31},"end":{"line":72,"column":70}},"28":{"start":{"line":73,"column":12},"end":{"line":75,"column":13}},"29":{"start":{"line":74,"column":16},"end":{"line":74,"column":103}},"30":{"start":{"line":78,"column":30},"end":{"line":88,"column":13}},"31":{"start":{"line":90,"column":12},"end":{"line":90,"column":52}},"32":{"start":{"line":93,"column":12},"end":{"line":141,"column":13}},"33":{"start":{"line":94,"column":16},"end":{"line":120,"column":17}},"34":{"start":{"line":95,"column":20},"end":{"line":101,"column":33}},"35":{"start":{"line":104,"column":41},"end":{"line":114,"column":21}},"36":{"start":{"line":116,"column":20},"end":{"line":116,"column":66}},"37":{"start":{"line":118,"column":20},"end":{"line":118,"column":71}},"38":{"start":{"line":119,"column":20},"end":{"line":119,"column":108}},"39":{"start":{"line":123,"column":36},"end":{"line":133,"column":17}},"40":{"start":{"line":135,"column":16},"end":{"line":140,"column":17}},"41":{"start":{"line":136,"column":20},"end":{"line":136,"column":62}},"42":{"start":{"line":138,"column":20},"end":{"line":138,"column":72}},"43":{"start":{"line":139,"column":20},"end":{"line":139,"column":108}},"44":{"start":{"line":144,"column":12},"end":{"line":144,"column":117}},"45":{"start":{"line":146,"column":12},"end":{"line":146,"column":54}},"46":{"start":{"line":147,"column":12},"end":{"line":147,"column":100}},"47":{"start":{"line":150,"column":8},"end":{"line":150,"column":54}},"48":{"start":{"line":151,"column":8},"end":{"line":151,"column":96}}},"fnMap":{"0":{"name":"(anonymous_0)","decl":{"start":{"line":8,"column":18},"end":{"line":8,"column":19}},"loc":{"start":{"line":8,"column":35},"end":{"line":153,"column":1}},"line":8},"1":{"name":"open","decl":{"start":{"line":16,"column":27},"end":{"line":16,"column":31}},"loc":{"start":{"line":16,"column":34},"end":{"line":26,"column":5}},"line":16},"2":{"name":"incoming","decl":{"start":{"line":28,"column":30},"end":{"line":28,"column":38}},"loc":{"start":{"line":28,"column":45},"end":{"line":30,"column":5}},"line":28},"3":{"name":"error","decl":{"start":{"line":32,"column":28},"end":{"line":32,"column":33}},"loc":{"start":{"line":32,"column":39},"end":{"line":34,"column":5}},"line":32},"4":{"name":"close","decl":{"start":{"line":36,"column":28},"end":{"line":36,"column":33}},"loc":{"start":{"line":36,"column":36},"end":{"line":38,"column":5}},"line":36}},"branchMap":{"0":{"loc":{"start":{"line":50,"column":8},"end":{"line":52,"column":9}},"type":"if","locations":[{"start":{"line":50,"column":8},"end":{"line":52,"column":9}},{"start":{},"end":{}}],"line":50},"1":{"loc":{"start":{"line":58,"column":8},"end":{"line":60,"column":9}},"type":"if","locations":[{"start":{"line":58,"column":8},"end":{"line":60,"column":9}},{"start":{},"end":{}}],"line":58},"2":{"loc":{"start":{"line":58,"column":12},"end":{"line":58,"column":62}},"type":"binary-expr","locations":[{"start":{"line":58,"column":12},"end":{"line":58,"column":21}},{"start":{"line":58,"column":25},"end":{"line":58,"column":36}},{"start":{"line":58,"column":40},"end":{"line":58,"column":48}},{"start":{"line":58,"column":52},"end":{"line":58,"column":62}}],"line":58},"3":{"loc":{"start":{"line":73,"column":12},"end":{"line":75,"column":13}},"type":"if","locations":[{"start":{"line":73,"column":12},"end":{"line":75,"column":13}},{"start":{},"end":{}}],"line":73},"4":{"loc":{"start":{"line":73,"column":16},"end":{"line":73,"column":65}},"type":"binary-expr","locations":[{"start":{"line":73,"column":16},"end":{"line":73,"column":32}},{"start":{"line":73,"column":36},"end":{"line":73,"column":65}}],"line":73},"5":{"loc":{"start":{"line":93,"column":12},"end":{"line":141,"column":13}},"type":"if","locations":[{"start":{"line":93,"column":12},"end":{"line":141,"column":13}},{"start":{"line":121,"column":19},"end":{"line":141,"column":13}}],"line":93}},"s":{"0":1,"1":1,"2":1,"3":7,"4":7,"5":7,"6":7,"7":0,"8":0,"9":7,"10":0,"11":7,"12":0,"13":7,"14":0,"15":7,"16":7,"17":7,"18":0,"19":7,"20":7,"21":7,"22":0,"23":0,"24":0,"25":0,"26":0,"27":0,"28":0,"29":0,"30":0,"31":0,"32":0,"33":0,"34":0,"35":0,"36":0,"37":0,"38":0,"39":0,"40":0,"41":0,"42":0,"43":0,"44":0,"45":0,"46":0,"47":0,"48":0},"f":{"0":7,"1":0,"2":0,"3":0,"4":0},"b":{"0":[7,0],"1":[0,0],"2":[0,0,0,0],"3":[0,0],"4":[0,0],"5":[0,0]},"_coverageSchema":"1a1c01bbd47fc00a2c39e90264f33305004495a9","hash":"ff3a88e2b77aa36925fb5a0fbcf936bdea9633da"}
,"/Users/Diane/Desktop/mtjs/more-than-just-strangers/server/lambdas/userMetadataHandler.js": {"path":"/Users/Diane/Desktop/mtjs/more-than-just-strangers/server/lambdas/userMetadataHandler.js","statementMap":{"0":{"start":{"line":1,"column":12},"end":{"line":1,"column":30}},"1":{"start":{"line":2,"column":16},"end":{"line":2,"column":56}},"2":{"start":{"line":3,"column":17},"end":{"line":3,"column":50}},"3":{"start":{"line":4,"column":0},"end":{"line":4,"column":49}},"4":{"start":{"line":8,"column":21},"end":{"line":8,"column":43}},"5":{"start":{"line":9,"column":23},"end":{"line":9,"column":37}},"6":{"start":{"line":12,"column":18},"end":{"line":12,"column":20}},"7":{"start":{"line":13,"column":21},"end":{"line":13,"column":84}},"8":{"start":{"line":15,"column":4},"end":{"line":22,"column":7}},"9":{"start":{"line":16,"column":25},"end":{"line":20,"column":9}},"10":{"start":{"line":17,"column":46},"end":{"line":17,"column":65}},"11":{"start":{"line":18,"column":47},"end":{"line":18,"column":67}},"12":{"start":{"line":19,"column":48},"end":{"line":19,"column":69}},"13":{"start":{"line":21,"column":8},"end":{"line":21,"column":29}},"14":{"start":{"line":24,"column":4},"end":{"line":24,"column":17}},"15":{"start":{"line":28,"column":21},"end":{"line":43,"column":6}},"16":{"start":{"line":29,"column":8},"end":{"line":42,"column":21}},"17":{"start":{"line":45,"column":4},"end":{"line":45,"column":32}},"18":{"start":{"line":48,"column":0},"end":{"line":55,"column":2}},"19":{"start":{"line":49,"column":25},"end":{"line":49,"column":44}},"20":{"start":{"line":50,"column":4},"end":{"line":50,"column":45}},"21":{"start":{"line":51,"column":4},"end":{"line":54,"column":6}}},"fnMap":{"0":{"name":"getAllUsers","decl":{"start":{"line":11,"column":15},"end":{"line":11,"column":26}},"loc":{"start":{"line":11,"column":29},"end":{"line":25,"column":1}},"line":11},"1":{"name":"(anonymous_1)","decl":{"start":{"line":15,"column":27},"end":{"line":15,"column":28}},"loc":{"start":{"line":15,"column":35},"end":{"line":22,"column":5}},"line":15},"2":{"name":"(anonymous_2)","decl":{"start":{"line":17,"column":38},"end":{"line":17,"column":39}},"loc":{"start":{"line":17,"column":46},"end":{"line":17,"column":65}},"line":17},"3":{"name":"(anonymous_3)","decl":{"start":{"line":18,"column":39},"end":{"line":18,"column":40}},"loc":{"start":{"line":18,"column":47},"end":{"line":18,"column":67}},"line":18},"4":{"name":"(anonymous_4)","decl":{"start":{"line":19,"column":40},"end":{"line":19,"column":41}},"loc":{"start":{"line":19,"column":48},"end":{"line":19,"column":69}},"line":19},"5":{"name":"storeUsersInDynamoDB","decl":{"start":{"line":27,"column":15},"end":{"line":27,"column":35}},"loc":{"start":{"line":27,"column":43},"end":{"line":46,"column":1}},"line":27},"6":{"name":"(anonymous_6)","decl":{"start":{"line":28,"column":31},"end":{"line":28,"column":32}},"loc":{"start":{"line":28,"column":39},"end":{"line":43,"column":5}},"line":28},"7":{"name":"(anonymous_7)","decl":{"start":{"line":48,"column":18},"end":{"line":48,"column":19}},"loc":{"start":{"line":48,"column":44},"end":{"line":55,"column":1}},"line":48}},"branchMap":{"0":{"loc":{"start":{"line":18,"column":18},"end":{"line":18,"column":88}},"type":"binary-expr","locations":[{"start":{"line":18,"column":18},"end":{"line":18,"column":75}},{"start":{"line":18,"column":79},"end":{"line":18,"column":88}}],"line":18},"1":{"loc":{"start":{"line":19,"column":19},"end":{"line":19,"column":91}},"type":"binary-expr","locations":[{"start":{"line":19,"column":19},"end":{"line":19,"column":77}},{"start":{"line":19,"column":81},"end":{"line":19,"column":91}}],"line":19}},"s":{"0":0,"1":0,"2":0,"3":0,"4":0,"5":0,"6":0,"7":0,"8":0,"9":0,"10":0,"11":0,"12":0,"13":0,"14":0,"15":0,"16":0,"17":0,"18":0,"19":0,"20":0,"21":0},"f":{"0":0,"1":0,"2":0,"3":0,"4":0,"5":0,"6":0,"7":0},"b":{"0":[0,0],"1":[0,0]}}
}
