{"/Users/Diane/Desktop/mtjs/more-than-just-strangers/server/lambdas/messageQueueHandler.js": {"path":"/Users/Diane/Desktop/mtjs/more-than-just-strangers/server/lambdas/messageQueueHandler.js","statementMap":{"0":{"start":{"line":4,"column":0},"end":{"line":4,"column":38}},"1":{"start":{"line":7,"column":23},"end":{"line":56,"column":1}},"2":{"start":{"line":8,"column":21},"end":{"line":8,"column":54}},"3":{"start":{"line":11,"column":4},"end":{"line":20,"column":5}},"4":{"start":{"line":13,"column":8},"end":{"line":13,"column":82}},"5":{"start":{"line":15,"column":8},"end":{"line":15,"column":57}},"6":{"start":{"line":16,"column":8},"end":{"line":19,"column":10}},"7":{"start":{"line":22,"column":95},"end":{"line":22,"column":102}},"8":{"start":{"line":24,"column":4},"end":{"line":29,"column":5}},"9":{"start":{"line":25,"column":8},"end":{"line":28,"column":10}},"10":{"start":{"line":31,"column":19},"end":{"line":41,"column":5}},"11":{"start":{"line":43,"column":4},"end":{"line":55,"column":5}},"12":{"start":{"line":44,"column":8},"end":{"line":44,"column":45}},"13":{"start":{"line":45,"column":8},"end":{"line":48,"column":10}},"14":{"start":{"line":50,"column":8},"end":{"line":50,"column":69}},"15":{"start":{"line":51,"column":8},"end":{"line":54,"column":10}}},"fnMap":{"0":{"name":"(anonymous_0)","decl":{"start":{"line":7,"column":23},"end":{"line":7,"column":24}},"loc":{"start":{"line":7,"column":40},"end":{"line":56,"column":1}},"line":7}},"branchMap":{"0":{"loc":{"start":{"line":13,"column":18},"end":{"line":13,"column":81}},"type":"cond-expr","locations":[{"start":{"line":13,"column":51},"end":{"line":13,"column":73}},{"start":{"line":13,"column":76},"end":{"line":13,"column":81}}],"line":13},"1":{"loc":{"start":{"line":22,"column":54},"end":{"line":22,"column":90}},"type":"default-arg","locations":[{"start":{"line":22,"column":66},"end":{"line":22,"column":90}}],"line":22},"2":{"loc":{"start":{"line":24,"column":4},"end":{"line":29,"column":5}},"type":"if","locations":[{"start":{"line":24,"column":4},"end":{"line":29,"column":5}},{"start":{},"end":{}}],"line":24},"3":{"loc":{"start":{"line":24,"column":8},"end":{"line":24,"column":58}},"type":"binary-expr","locations":[{"start":{"line":24,"column":8},"end":{"line":24,"column":17}},{"start":{"line":24,"column":21},"end":{"line":24,"column":32}},{"start":{"line":24,"column":36},"end":{"line":24,"column":44}},{"start":{"line":24,"column":48},"end":{"line":24,"column":58}}],"line":24}},"s":{"0":1,"1":1,"2":0,"3":0,"4":0,"5":0,"6":0,"7":0,"8":0,"9":0,"10":0,"11":0,"12":0,"13":0,"14":0,"15":0},"f":{"0":0},"b":{"0":[0,0],"1":[0],"2":[0,0],"3":[0,0,0,0]},"_coverageSchema":"1a1c01bbd47fc00a2c39e90264f33305004495a9","hash":"b7505338876a312e5c9374db598c386eeed67354"}
,"/Users/Diane/Desktop/mtjs/more-than-just-strangers/server/lambdas/onConnect.js": {"path":"/Users/Diane/Desktop/mtjs/more-than-just-strangers/server/lambdas/onConnect.js","statementMap":{"0":{"start":{"line":4,"column":0},"end":{"line":4,"column":38}},"1":{"start":{"line":9,"column":23},"end":{"line":43,"column":1}},"2":{"start":{"line":10,"column":21},"end":{"line":10,"column":37}},"3":{"start":{"line":11,"column":25},"end":{"line":11,"column":58}},"4":{"start":{"line":13,"column":4},"end":{"line":42,"column":5}},"5":{"start":{"line":15,"column":26},"end":{"line":20,"column":9}},"6":{"start":{"line":22,"column":35},"end":{"line":22,"column":74}},"7":{"start":{"line":23,"column":8},"end":{"line":25,"column":9}},"8":{"start":{"line":24,"column":12},"end":{"line":24,"column":74}},"9":{"start":{"line":28,"column":26},"end":{"line":34,"column":9}},"10":{"start":{"line":36,"column":8},"end":{"line":36,"column":48}},"11":{"start":{"line":38,"column":8},"end":{"line":38,"column":67}},"12":{"start":{"line":40,"column":8},"end":{"line":40,"column":52}},"13":{"start":{"line":41,"column":8},"end":{"line":41,"column":93}}},"fnMap":{"0":{"name":"(anonymous_0)","decl":{"start":{"line":9,"column":23},"end":{"line":9,"column":24}},"loc":{"start":{"line":9,"column":40},"end":{"line":43,"column":1}},"line":9}},"branchMap":{"0":{"loc":{"start":{"line":23,"column":8},"end":{"line":25,"column":9}},"type":"if","locations":[{"start":{"line":23,"column":8},"end":{"line":25,"column":9}},{"start":{},"end":{}}],"line":23}},"s":{"0":0,"1":0,"2":0,"3":0,"4":0,"5":0,"6":0,"7":0,"8":0,"9":0,"10":0,"11":0,"12":0,"13":0},"f":{"0":0},"b":{"0":[0,0]}}
,"/Users/Diane/Desktop/mtjs/more-than-just-strangers/server/lambdas/onDisconnect.js": {"path":"/Users/Diane/Desktop/mtjs/more-than-just-strangers/server/lambdas/onDisconnect.js","statementMap":{"0":{"start":{"line":4,"column":23},"end":{"line":45,"column":1}},"1":{"start":{"line":5,"column":21},"end":{"line":5,"column":37}},"2":{"start":{"line":7,"column":4},"end":{"line":44,"column":5}},"3":{"start":{"line":8,"column":29},"end":{"line":8,"column":62}},"4":{"start":{"line":11,"column":27},"end":{"line":17,"column":9}},"5":{"start":{"line":19,"column":27},"end":{"line":19,"column":68}},"6":{"start":{"line":20,"column":8},"end":{"line":22,"column":9}},"7":{"start":{"line":21,"column":12},"end":{"line":21,"column":69}},"8":{"start":{"line":24,"column":27},"end":{"line":24,"column":46}},"9":{"start":{"line":27,"column":29},"end":{"line":37,"column":9}},"10":{"start":{"line":39,"column":8},"end":{"line":39,"column":54}},"11":{"start":{"line":40,"column":8},"end":{"line":40,"column":70}},"12":{"start":{"line":42,"column":8},"end":{"line":42,"column":55}},"13":{"start":{"line":43,"column":8},"end":{"line":43,"column":82}}},"fnMap":{"0":{"name":"(anonymous_0)","decl":{"start":{"line":4,"column":23},"end":{"line":4,"column":24}},"loc":{"start":{"line":4,"column":40},"end":{"line":45,"column":1}},"line":4}},"branchMap":{"0":{"loc":{"start":{"line":20,"column":8},"end":{"line":22,"column":9}},"type":"if","locations":[{"start":{"line":20,"column":8},"end":{"line":22,"column":9}},{"start":{},"end":{}}],"line":20},"1":{"loc":{"start":{"line":20,"column":12},"end":{"line":20,"column":62}},"type":"binary-expr","locations":[{"start":{"line":20,"column":12},"end":{"line":20,"column":29}},{"start":{"line":20,"column":33},"end":{"line":20,"column":62}}],"line":20}},"s":{"0":0,"1":0,"2":0,"3":0,"4":0,"5":0,"6":0,"7":0,"8":0,"9":0,"10":0,"11":0,"12":0,"13":0},"f":{"0":0},"b":{"0":[0,0],"1":[0,0]}}
,"/Users/Diane/Desktop/mtjs/more-than-just-strangers/server/lambdas/sendMessage.js": {"path":"/Users/Diane/Desktop/mtjs/more-than-just-strangers/server/lambdas/sendMessage.js","statementMap":{"0":{"start":{"line":6,"column":0},"end":{"line":6,"column":38}},"1":{"start":{"line":8,"column":23},"end":{"line":117,"column":1}},"2":{"start":{"line":9,"column":21},"end":{"line":9,"column":37}},"3":{"start":{"line":10,"column":23},"end":{"line":10,"column":44}},"4":{"start":{"line":11,"column":19},"end":{"line":11,"column":36}},"5":{"start":{"line":12,"column":25},"end":{"line":12,"column":58}},"6":{"start":{"line":17,"column":4},"end":{"line":21,"column":5}},"7":{"start":{"line":18,"column":8},"end":{"line":18,"column":38}},"8":{"start":{"line":20,"column":8},"end":{"line":20,"column":65}},"9":{"start":{"line":23,"column":65},"end":{"line":23,"column":69}},"10":{"start":{"line":26,"column":4},"end":{"line":29,"column":5}},"11":{"start":{"line":28,"column":8},"end":{"line":28,"column":72}},"12":{"start":{"line":32,"column":22},"end":{"line":35,"column":5}},"13":{"start":{"line":39,"column":4},"end":{"line":44,"column":5}},"14":{"start":{"line":40,"column":8},"end":{"line":40,"column":61}},"15":{"start":{"line":42,"column":8},"end":{"line":42,"column":52}},"16":{"start":{"line":43,"column":8},"end":{"line":43,"column":72}},"17":{"start":{"line":46,"column":4},"end":{"line":48,"column":5}},"18":{"start":{"line":47,"column":8},"end":{"line":47,"column":65}},"19":{"start":{"line":50,"column":22},"end":{"line":50,"column":46}},"20":{"start":{"line":53,"column":22},"end":{"line":57,"column":5}},"21":{"start":{"line":58,"column":4},"end":{"line":63,"column":5}},"22":{"start":{"line":59,"column":8},"end":{"line":59,"column":48}},"23":{"start":{"line":61,"column":8},"end":{"line":61,"column":52}},"24":{"start":{"line":62,"column":8},"end":{"line":62,"column":65}},"25":{"start":{"line":66,"column":31},"end":{"line":66,"column":81}},"26":{"start":{"line":67,"column":4},"end":{"line":114,"column":5}},"27":{"start":{"line":68,"column":8},"end":{"line":99,"column":9}},"28":{"start":{"line":69,"column":12},"end":{"line":69,"column":104}},"29":{"start":{"line":72,"column":33},"end":{"line":77,"column":13}},"30":{"start":{"line":78,"column":12},"end":{"line":83,"column":13}},"31":{"start":{"line":79,"column":16},"end":{"line":79,"column":62}},"32":{"start":{"line":81,"column":16},"end":{"line":81,"column":63}},"33":{"start":{"line":82,"column":16},"end":{"line":82,"column":82}},"34":{"start":{"line":85,"column":12},"end":{"line":85,"column":60}},"35":{"start":{"line":88,"column":12},"end":{"line":98,"column":13}},"36":{"start":{"line":90,"column":16},"end":{"line":94,"column":29}},"37":{"start":{"line":96,"column":16},"end":{"line":96,"column":65}},"38":{"start":{"line":97,"column":16},"end":{"line":97,"column":74}},"39":{"start":{"line":102,"column":8},"end":{"line":113,"column":9}},"40":{"start":{"line":105,"column":12},"end":{"line":109,"column":25}},"41":{"start":{"line":111,"column":12},"end":{"line":111,"column":61}},"42":{"start":{"line":112,"column":12},"end":{"line":112,"column":70}},"43":{"start":{"line":116,"column":4},"end":{"line":116,"column":71}},"44":{"start":{"line":120,"column":19},"end":{"line":124,"column":5}},"45":{"start":{"line":125,"column":19},"end":{"line":125,"column":56}},"46":{"start":{"line":126,"column":4},"end":{"line":126,"column":43}},"47":{"start":{"line":130,"column":4},"end":{"line":133,"column":17}}},"fnMap":{"0":{"name":"(anonymous_0)","decl":{"start":{"line":8,"column":23},"end":{"line":8,"column":24}},"loc":{"start":{"line":8,"column":40},"end":{"line":117,"column":1}},"line":8},"1":{"name":"findConnectionByUserId","decl":{"start":{"line":119,"column":15},"end":{"line":119,"column":37}},"loc":{"start":{"line":119,"column":56},"end":{"line":127,"column":1}},"line":119},"2":{"name":"sendDirectMessage","decl":{"start":{"line":129,"column":15},"end":{"line":129,"column":32}},"loc":{"start":{"line":129,"column":68},"end":{"line":134,"column":1}},"line":129}},"branchMap":{"0":{"loc":{"start":{"line":26,"column":4},"end":{"line":29,"column":5}},"type":"if","locations":[{"start":{"line":26,"column":4},"end":{"line":29,"column":5}},{"start":{},"end":{}}],"line":26},"1":{"loc":{"start":{"line":26,"column":8},"end":{"line":26,"column":86}},"type":"binary-expr","locations":[{"start":{"line":26,"column":8},"end":{"line":26,"column":32}},{"start":{"line":26,"column":36},"end":{"line":26,"column":45}},{"start":{"line":26,"column":49},"end":{"line":26,"column":60}},{"start":{"line":26,"column":64},"end":{"line":26,"column":72}},{"start":{"line":26,"column":76},"end":{"line":26,"column":86}}],"line":26},"2":{"loc":{"start":{"line":46,"column":4},"end":{"line":48,"column":5}},"type":"if","locations":[{"start":{"line":46,"column":4},"end":{"line":48,"column":5}},{"start":{},"end":{}}],"line":46},"3":{"loc":{"start":{"line":67,"column":4},"end":{"line":114,"column":5}},"type":"if","locations":[{"start":{"line":67,"column":4},"end":{"line":114,"column":5}},{"start":{"line":100,"column":11},"end":{"line":114,"column":5}}],"line":67},"4":{"loc":{"start":{"line":126,"column":11},"end":{"line":126,"column":42}},"type":"binary-expr","locations":[{"start":{"line":126,"column":11},"end":{"line":126,"column":23}},{"start":{"line":126,"column":27},"end":{"line":126,"column":42}}],"line":126}},"s":{"0":1,"1":1,"2":8,"3":8,"4":8,"5":8,"6":8,"7":8,"8":0,"9":8,"10":8,"11":3,"12":5,"13":5,"14":5,"15":1,"16":1,"17":4,"18":1,"19":3,"20":3,"21":3,"22":3,"23":0,"24":0,"25":3,"26":3,"27":2,"28":2,"29":1,"30":1,"31":1,"32":0,"33":0,"34":1,"35":1,"36":1,"37":0,"38":0,"39":1,"40":1,"41":0,"42":0,"43":3,"44":3,"45":3,"46":3,"47":2},"f":{"0":8,"1":3,"2":2},"b":{"0":[3,5],"1":[8,5,5,5,5],"2":[1,3],"3":[2,1],"4":[3,3]},"_coverageSchema":"1a1c01bbd47fc00a2c39e90264f33305004495a9","hash":"8bb220e6f55198a47e615d2dc0f988b24aa74650"}
,"/Users/Diane/Desktop/mtjs/more-than-just-strangers/server/lambdas/userMetadataHandler.js": {"path":"/Users/Diane/Desktop/mtjs/more-than-just-strangers/server/lambdas/userMetadataHandler.js","statementMap":{"0":{"start":{"line":4,"column":0},"end":{"line":4,"column":38}},"1":{"start":{"line":6,"column":16},"end":{"line":6,"column":56}},"2":{"start":{"line":7,"column":17},"end":{"line":7,"column":50}},"3":{"start":{"line":10,"column":21},"end":{"line":10,"column":43}},"4":{"start":{"line":11,"column":23},"end":{"line":11,"column":37}},"5":{"start":{"line":14,"column":18},"end":{"line":14,"column":20}},"6":{"start":{"line":15,"column":21},"end":{"line":15,"column":84}},"7":{"start":{"line":17,"column":4},"end":{"line":24,"column":7}},"8":{"start":{"line":18,"column":25},"end":{"line":22,"column":9}},"9":{"start":{"line":19,"column":46},"end":{"line":19,"column":65}},"10":{"start":{"line":20,"column":47},"end":{"line":20,"column":67}},"11":{"start":{"line":21,"column":48},"end":{"line":21,"column":69}},"12":{"start":{"line":23,"column":8},"end":{"line":23,"column":29}},"13":{"start":{"line":26,"column":4},"end":{"line":26,"column":17}},"14":{"start":{"line":30,"column":21},"end":{"line":45,"column":6}},"15":{"start":{"line":31,"column":8},"end":{"line":44,"column":21}},"16":{"start":{"line":47,"column":4},"end":{"line":47,"column":32}},"17":{"start":{"line":50,"column":23},"end":{"line":57,"column":1}},"18":{"start":{"line":51,"column":25},"end":{"line":51,"column":44}},"19":{"start":{"line":52,"column":4},"end":{"line":52,"column":45}},"20":{"start":{"line":53,"column":4},"end":{"line":56,"column":6}}},"fnMap":{"0":{"name":"getAllUsers","decl":{"start":{"line":13,"column":15},"end":{"line":13,"column":26}},"loc":{"start":{"line":13,"column":29},"end":{"line":27,"column":1}},"line":13},"1":{"name":"(anonymous_1)","decl":{"start":{"line":17,"column":27},"end":{"line":17,"column":28}},"loc":{"start":{"line":17,"column":35},"end":{"line":24,"column":5}},"line":17},"2":{"name":"(anonymous_2)","decl":{"start":{"line":19,"column":38},"end":{"line":19,"column":39}},"loc":{"start":{"line":19,"column":46},"end":{"line":19,"column":65}},"line":19},"3":{"name":"(anonymous_3)","decl":{"start":{"line":20,"column":39},"end":{"line":20,"column":40}},"loc":{"start":{"line":20,"column":47},"end":{"line":20,"column":67}},"line":20},"4":{"name":"(anonymous_4)","decl":{"start":{"line":21,"column":40},"end":{"line":21,"column":41}},"loc":{"start":{"line":21,"column":48},"end":{"line":21,"column":69}},"line":21},"5":{"name":"storeUsersInDynamoDB","decl":{"start":{"line":29,"column":15},"end":{"line":29,"column":35}},"loc":{"start":{"line":29,"column":43},"end":{"line":48,"column":1}},"line":29},"6":{"name":"(anonymous_6)","decl":{"start":{"line":30,"column":31},"end":{"line":30,"column":32}},"loc":{"start":{"line":30,"column":39},"end":{"line":45,"column":5}},"line":30},"7":{"name":"(anonymous_7)","decl":{"start":{"line":50,"column":23},"end":{"line":50,"column":24}},"loc":{"start":{"line":50,"column":49},"end":{"line":57,"column":1}},"line":50}},"branchMap":{"0":{"loc":{"start":{"line":20,"column":18},"end":{"line":20,"column":88}},"type":"binary-expr","locations":[{"start":{"line":20,"column":18},"end":{"line":20,"column":75}},{"start":{"line":20,"column":79},"end":{"line":20,"column":88}}],"line":20},"1":{"loc":{"start":{"line":21,"column":19},"end":{"line":21,"column":91}},"type":"binary-expr","locations":[{"start":{"line":21,"column":19},"end":{"line":21,"column":77}},{"start":{"line":21,"column":81},"end":{"line":21,"column":91}}],"line":21}},"s":{"0":0,"1":0,"2":0,"3":0,"4":0,"5":0,"6":0,"7":0,"8":0,"9":0,"10":0,"11":0,"12":0,"13":0,"14":0,"15":0,"16":0,"17":0,"18":0,"19":0,"20":0},"f":{"0":0,"1":0,"2":0,"3":0,"4":0,"5":0,"6":0,"7":0},"b":{"0":[0,0],"1":[0,0]}}
}
