TN:
SF:server/lambdas/sendMessage/index.js
FN:3,(anonymous_0)
FN:198,(anonymous_1)
FN:199,(anonymous_2)
FN:200,(anonymous_3)
FN:201,(anonymous_4)
FN:202,(anonymous_5)
FN:205,(anonymous_6)
FN:206,(anonymous_7)
FNF:8
FNH:7
FNDA:4,(anonymous_0)
FNDA:4,(anonymous_1)
FNDA:4,(anonymous_2)
FNDA:4,(anonymous_3)
FNDA:4,(anonymous_4)
FNDA:4,(anonymous_5)
FNDA:20,(anonymous_6)
FNDA:0,(anonymous_7)
DA:1,1
DA:3,1
DA:5,4
DA:10,4
DA:12,4
DA:14,4
DA:15,4
DA:21,4
DA:29,4
DA:30,4
DA:32,4
DA:33,0
DA:34,0
DA:41,4
DA:42,4
DA:43,4
DA:45,0
DA:46,0
DA:52,4
DA:53,0
DA:54,0
DA:61,4
DA:62,0
DA:63,0
DA:64,0
DA:65,0
DA:66,0
DA:72,0
DA:73,0
DA:74,0
DA:75,0
DA:79,0
DA:80,0
DA:82,0
DA:83,0
DA:90,0
DA:91,0
DA:92,0
DA:93,0
DA:104,0
DA:105,0
DA:106,0
DA:107,0
DA:108,0
DA:109,0
DA:110,0
DA:113,0
DA:114,0
DA:122,0
DA:134,0
DA:135,0
DA:138,0
DA:139,0
DA:149,0
DA:150,0
DA:153,0
DA:154,0
DA:155,0
DA:156,0
DA:167,0
DA:175,0
DA:179,0
DA:184,0
DA:185,0
DA:193,4
DA:194,4
DA:197,4
DA:198,4
DA:199,4
DA:200,4
DA:201,4
DA:202,4
DA:204,4
DA:205,20
DA:206,0
DA:207,4
DA:208,0
DA:216,4
DA:217,4
DA:221,4
DA:223,0
DA:224,0
DA:230,4
DA:231,0
DA:237,4
DA:238,1
DA:246,3
DA:247,3
DA:254,3
DA:256,3
DA:257,1
DA:262,2
DA:264,0
DA:265,0
DA:273,2
DA:274,2
DA:275,2
DA:279,2
DA:281,0
DA:282,0
DA:289,2
DA:303,2
DA:304,2
DA:306,0
DA:307,0
DA:314,2
DA:329,2
DA:330,2
DA:332,0
DA:333,0
DA:340,2
DA:341,1
DA:354,1
DA:355,1
DA:359,1
DA:364,0
DA:365,0
DA:372,1
DA:378,0
DA:383,0
DA:384,0
DA:391,1
LF:122
LH:56
BRDA:6,0,0,4
BRDA:6,0,1,0
BRDA:17,1,0,4
BRDA:17,1,1,0
BRDA:18,2,0,4
BRDA:18,2,1,0
BRDA:22,3,0,4
BRDA:22,3,1,0
BRDA:23,4,0,4
BRDA:23,4,1,0
BRDA:24,5,0,4
BRDA:24,5,1,0
BRDA:25,6,0,4
BRDA:25,6,1,0
BRDA:29,7,0,4
BRDA:29,7,1,0
BRDA:32,8,0,0
BRDA:32,8,1,4
BRDA:52,9,0,0
BRDA:52,9,1,4
BRDA:52,10,0,4
BRDA:52,10,1,4
BRDA:52,10,2,4
BRDA:61,11,0,0
BRDA:61,11,1,4
BRDA:64,12,0,0
BRDA:64,12,1,0
BRDA:91,13,0,0
BRDA:91,13,1,0
BRDA:108,14,0,0
BRDA:108,14,1,0
BRDA:108,15,0,0
BRDA:108,15,1,0
BRDA:138,16,0,0
BRDA:138,16,1,0
BRDA:153,17,0,0
BRDA:153,17,1,0
BRDA:153,18,0,0
BRDA:153,18,1,0
BRDA:155,19,0,0
BRDA:155,19,1,0
BRDA:193,20,0,4
BRDA:193,20,1,0
BRDA:198,21,0,4
BRDA:198,21,1,4
BRDA:199,22,0,4
BRDA:199,22,1,4
BRDA:199,22,2,4
BRDA:200,23,0,4
BRDA:200,23,1,4
BRDA:200,23,2,4
BRDA:201,24,0,4
BRDA:201,24,1,4
BRDA:201,24,2,4
BRDA:207,25,0,0
BRDA:207,25,1,4
BRDA:230,26,0,0
BRDA:230,26,1,4
BRDA:237,27,0,1
BRDA:237,27,1,3
BRDA:256,28,0,1
BRDA:256,28,1,2
BRDA:256,29,0,3
BRDA:256,29,1,3
BRDA:274,30,0,2
BRDA:274,30,1,0
BRDA:340,31,0,1
BRDA:340,31,1,1
BRDA:340,32,0,2
BRDA:340,32,1,2
BRF:70
BRH:39
end_of_record
