TN:
SF:server/lambdas/messageQueueHandler.js
FN:6,(anonymous_0)
FN:37,(anonymous_1)
FNF:2
FNH:0
FNDA:0,(anonymous_0)
FNDA:0,(anonymous_1)
DA:3,0
DA:6,0
DA:7,0
DA:8,0
DA:21,0
DA:22,0
DA:23,0
DA:28,0
DA:29,0
DA:37,0
DA:38,0
DA:39,0
DA:48,0
DA:49,0
DA:50,0
DA:55,0
DA:56,0
LF:17
LH:0
BRF:0
BRH:0
end_of_record
TN:
SF:server/lambdas/onConnect.js
FN:9,(anonymous_0)
FNF:1
FNH:1
FNDA:3,(anonymous_0)
DA:4,1
DA:9,1
DA:10,3
DA:11,3
DA:13,3
DA:15,3
DA:22,3
DA:23,3
DA:24,1
DA:28,2
DA:36,2
DA:38,2
DA:40,0
DA:41,0
LF:14
LH:12
BRDA:23,0,0,1
BRDA:23,0,1,2
BRF:2
BRH:2
end_of_record
TN:
SF:server/lambdas/onDisconnect.js
FN:4,(anonymous_0)
FNF:1
FNH:0
FNDA:0,(anonymous_0)
DA:4,0
DA:5,0
DA:7,0
DA:8,0
DA:11,0
DA:19,0
DA:20,0
DA:21,0
DA:24,0
DA:27,0
DA:39,0
DA:40,0
DA:42,0
DA:43,0
LF:14
LH:0
BRDA:20,0,0,0
BRDA:20,0,1,0
BRDA:20,1,0,0
BRDA:20,1,1,0
BRF:4
BRH:0
end_of_record
TN:
SF:server/lambdas/sendMessage.js
FN:8,(anonymous_0)
FNF:1
FNH:0
FNDA:0,(anonymous_0)
DA:6,0
DA:8,0
DA:10,0
DA:11,0
DA:13,0
DA:15,0
DA:16,0
DA:18,0
DA:22,0
DA:23,0
DA:24,0
DA:28,0
DA:31,0
DA:32,0
DA:35,0
DA:37,0
DA:44,0
DA:45,0
DA:46,0
DA:50,0
DA:62,0
DA:65,0
DA:66,0
DA:67,0
DA:76,0
DA:88,0
DA:90,0
DA:91,0
DA:95,0
DA:107,0
DA:108,0
DA:110,0
DA:111,0
DA:116,0
DA:118,0
DA:119,0
DA:122,0
DA:123,0
LF:38
LH:0
BRDA:23,0,0,0
BRDA:23,0,1,0
BRDA:31,1,0,0
BRDA:31,1,1,0
BRDA:31,2,0,0
BRDA:31,2,1,0
BRDA:31,2,2,0
BRDA:31,2,3,0
BRDA:45,3,0,0
BRDA:45,3,1,0
BRDA:45,4,0,0
BRDA:45,4,1,0
BRDA:65,5,0,0
BRDA:65,5,1,0
BRF:14
BRH:0
end_of_record
TN:
SF:server/lambdas/userMetadataHandler.js
FN:13,getAllUsers
FN:17,(anonymous_1)
FN:19,(anonymous_2)
FN:20,(anonymous_3)
FN:21,(anonymous_4)
FN:29,storeUsersInDynamoDB
FN:30,(anonymous_6)
FN:50,(anonymous_7)
FNF:8
FNH:0
FNDA:0,getAllUsers
FNDA:0,(anonymous_1)
FNDA:0,(anonymous_2)
FNDA:0,(anonymous_3)
FNDA:0,(anonymous_4)
FNDA:0,storeUsersInDynamoDB
FNDA:0,(anonymous_6)
FNDA:0,(anonymous_7)
DA:4,0
DA:6,0
DA:7,0
DA:10,0
DA:11,0
DA:14,0
DA:15,0
DA:17,0
DA:18,0
DA:19,0
DA:20,0
DA:21,0
DA:23,0
DA:26,0
DA:30,0
DA:31,0
DA:47,0
DA:50,0
DA:51,0
DA:52,0
DA:53,0
LF:21
LH:0
BRDA:20,0,0,0
BRDA:20,0,1,0
BRDA:21,1,0,0
BRDA:21,1,1,0
BRF:4
BRH:0
end_of_record
